
> @chat/base-template@0.1.0 build
> next build

  ▲ Next.js 14.2.13
  - Environments: .env.local

   Creating an optimized production build ...
 ✓ Compiled successfully
   Linting and checking validity of types ...

./components/ThemeProvider.tsx
49:9  Warning: The 'availableThemes' object makes the dependencies of useEffect Hook (at line 94) change on every render. To fix this, wrap the initialization of 'availableThemes' in its own useMemo() Hook.  react-hooks/exhaustive-deps
52:9  Warning: The 'changeTheme' function makes the dependencies of useEffect Hook (at line 94) change on every render. To fix this, wrap the definition of 'changeTheme' in its own useCallback() Hook.  react-hooks/exhaustive-deps
52:9  Warning: The 'changeTheme' function makes the dependencies of useEffect Hook (at line 111) change on every render. To fix this, wrap the definition of 'changeTheme' in its own useCallback() Hook.  react-hooks/exhaustive-deps

info  - Need to disable some ESLint rules? Learn more here: https://nextjs.org/docs/basic-features/eslint#disabling-rules
Failed to compile.

./app/(authenticated)/settings/components/ChatSettings.tsx:100:21
Type error: Parameter 'prev' implicitly has an 'any' type.

[0m [90m  98 |[39m[0m
[0m [90m  99 |[39m   [36mconst[39m updateSetting [33m=[39m (key[33m:[39m keyof [33mChatSettings[39m[33m,[39m value[33m:[39m any) [33m=>[39m {[0m
[0m[31m[1m>[22m[39m[90m 100 |[39m     setChatSettings(prev [33m=>[39m ({ [33m...[39mprev[33m,[39m [key][33m:[39m value } [36mas[39m [33mChatSettings[39m))[33m;[39m[0m
[0m [90m     |[39m                     [31m[1m^[22m[39m[0m
[0m [90m 101 |[39m   }[33m;[39m[0m
[0m [90m 102 |[39m[0m
[0m [90m 103 |[39m   [36mconst[39m selectedModel [33m=[39m models[33m.[39mfind((m) [33m=>[39m m[33m.[39mvalue [33m===[39m chatSettings[33m.[39mdefault_model)[33m;[39m[0m
npm error Lifecycle script `build` failed with error:
npm error code 1
npm error path /Users/zachwieder/Documents/CODING MAIN/chat-test/apps/base-template
npm error workspace @chat/base-template@0.1.0
npm error location /Users/zachwieder/Documents/CODING MAIN/chat-test/apps/base-template
npm error command failed
npm error command sh -c next build
